#
# There is insufficient memory for the Java Runtime Environment to continue.
# Native memory allocation (mmap) failed to map 2064384 bytes for G1 virtual space
# Possible reasons:
#   The system is out of physical RAM or swap space
#   The process is running with CompressedOops enabled, and the Java Heap may be blocking the growth of the native heap
# Possible solutions:
#   Reduce memory load on the system
#   Increase physical memory or swap space
#   Check if swap backing store is full
#   Decrease Java heap size (-Xmx/-Xms)
#   Decrease number of Java threads
#   Decrease Java thread stack sizes (-Xss)
#   Set larger code cache with -XX:ReservedCodeCacheSize=
#   JVM is running with Unscaled Compressed Oops mode in which the Java heap is
#     placed in the first 4GB address space. The Java Heap base address is the
#     maximum limit for the native heap growth. Please use -XX:HeapBaseMinAddress
#     to set the Java Heap base and to place the Java Heap above 4GB virtual address.
# This output file may be truncated or incomplete.
#
#  Out of Memory Error (os_windows.cpp:3550), pid=23072, tid=11240
#
# JRE version:  (17.0.7+8) (build )
# Java VM: Java HotSpot(TM) 64-Bit Server VM (17.0.7+8-LTS-224, mixed mode, emulated-client, sharing, tiered, compressed oops, compressed class ptrs, g1 gc, windows-amd64)
# No core dump will be written. Minidumps are not enabled by default on client versions of Windows
#

---------------  S U M M A R Y ------------

Command Line: -XX:TieredStopAtLevel=1 -Dspring.output.ansi.enabled=always -Dcom.sun.management.jmxremote -Dspring.jmx.enabled=true -Dspring.liveBeansView.mbeanDomain -Dspring.application.admin.enabled=true -Dmanagement.endpoints.jmx.exposure.include=* -javaagent:C:\Program Files\JetBrains\IntelliJ IDEA 2024.1.3\lib\idea_rt.jar=54913:C:\Program Files\JetBrains\IntelliJ IDEA 2024.1.3\bin -Dfile.encoding=UTF-8 com.library.librarymanagment.LibraryManagmentApplication

Host: 11th Gen Intel(R) Core(TM) i5-1135G7 @ 2.40GHz, 8 cores, 7G,  Windows 11 , 64 bit Build 22621 (10.0.22621.3672)
Time: Wed Jun 26 01:14:17 2024 India Standard Time elapsed time: 0.012890 seconds (0d 0h 0m 0s)

---------------  T H R E A D  ---------------

Current thread (0x000001db221e0ad0):  JavaThread "Unknown thread" [_thread_in_vm, id=11240, stack(0x000000351f400000,0x000000351f500000)]

Stack: [0x000000351f400000,0x000000351f500000]
Native frames: (J=compiled Java code, j=interpreted, Vv=VM code, C=native code)
V  [jvm.dll+0x676a4a]
V  [jvm.dll+0x7d74f4]
V  [jvm.dll+0x7d8c9e]
V  [jvm.dll+0x7d9303]
V  [jvm.dll+0x2452c5]
V  [jvm.dll+0x6738f9]
V  [jvm.dll+0x668232]
V  [jvm.dll+0x302826]
V  [jvm.dll+0x309da6]
V  [jvm.dll+0x359558]
V  [jvm.dll+0x35975f]
V  [jvm.dll+0x2d9a38]
V  [jvm.dll+0x2da9a4]
V  [jvm.dll+0x7a8fb1]
V  [jvm.dll+0x3670e1]
V  [jvm.dll+0x788359]
V  [jvm.dll+0x3ea5ef]
V  [jvm.dll+0x3ec071]
C  [jli.dll+0x5297]
C  [ucrtbase.dll+0x29333]
C  [KERNEL32.DLL+0x1257d]
C  [ntdll.dll+0x5af28]


---------------  P R O C E S S  ---------------

Threads class SMR info:
_java_thread_list=0x00007ff85f204998, length=0, elements={
}

Java Threads: ( => current thread )

Other Threads:
  0x000001db2223d4b0 GCTaskThread "GC Thread#0" [stack: 0x000000351f500000,0x000000351f600000] [id=18716]
  0x000001db22249ed0 ConcurrentGCThread "G1 Main Marker" [stack: 0x000000351f600000,0x000000351f700000] [id=20328]
  0x000001db2224b080 ConcurrentGCThread "G1 Conc#0" [stack: 0x000000351f700000,0x000000351f800000] [id=9708]

[error occurred during error reporting (printing all threads), id 0xc0000005, EXCEPTION_ACCESS_VIOLATION (0xc0000005) at pc=0x00007ff85ea3a697]

VM state: not at safepoint (not fully initialized)

VM Mutex/Monitor currently owned by a thread:  ([mutex/lock_event])
[0x000001db221dd700] Heap_lock - owner thread: 0x000001db221e0ad0

Heap address: 0x0000000083600000, size: 1994 MB, Compressed Oops mode: 32-bit

CDS archive(s) mapped at: [0x0000000000000000-0x0000000000000000-0x0000000000000000), size 0, SharedBaseAddress: 0x0000000800000000, ArchiveRelocationMode: 0.
Narrow klass base: 0x0000000000000000, Narrow klass shift: 0, Narrow klass range: 0x0

GC Precious Log:
<Empty>

Heap:
 garbage-first heap   total 0K, used 0K [0x0000000083600000, 0x0000000100000000)
  region size 1024K, 0 young (0K), 0 survivors (0K)

[error occurred during error reporting (printing heap information), id 0xc0000005, EXCEPTION_ACCESS_VIOLATION (0xc0000005) at pc=0x00007ff85ee200b9]

GC Heap History (0 events):
No events

Deoptimization events (0 events):
No events

Classes unloaded (0 events):
No events

Classes redefined (0 events):
No events

Internal exceptions (0 events):
No events

VM Operations (0 events):
No events

Events (1 events):
Event: 0.009 Loaded shared library C:\Program Files\Java\jdk-17\bin\java.dll


Dynamic libraries:
0x00007ff68d180000 - 0x00007ff68d190000 	C:\Program Files\Java\jdk-17\bin\java.exe
0x00007ff8ba5f0000 - 0x00007ff8ba807000 	C:\WINDOWS\SYSTEM32\ntdll.dll
0x00007ff8b9140000 - 0x00007ff8b9204000 	C:\WINDOWS\System32\KERNEL32.DLL
0x00007ff8b7da0000 - 0x00007ff8b814c000 	C:\WINDOWS\System32\KERNELBASE.dll
0x00007ff8b7ac0000 - 0x00007ff8b7bd1000 	C:\WINDOWS\System32\ucrtbase.dll
0x00007ff8a79f0000 - 0x00007ff8a7a09000 	C:\Program Files\Java\jdk-17\bin\jli.dll
0x00007ff8a16c0000 - 0x00007ff8a16db000 	C:\Program Files\Java\jdk-17\bin\VCRUNTIME140.dll
0x00007ff8b9a40000 - 0x00007ff8b9af2000 	C:\WINDOWS\System32\ADVAPI32.dll
0x00007ff8b9c80000 - 0x00007ff8b9d27000 	C:\WINDOWS\System32\msvcrt.dll
0x00007ff8b8b70000 - 0x00007ff8b8c1a000 	C:\WINDOWS\System32\sechost.dll
0x00007ff8b7cd0000 - 0x00007ff8b7cf8000 	C:\WINDOWS\System32\bcrypt.dll
0x00007ff8b8e50000 - 0x00007ff8b8f65000 	C:\WINDOWS\System32\RPCRT4.dll
0x00007ff8b9210000 - 0x00007ff8b93be000 	C:\WINDOWS\System32\USER32.dll
0x00007ff8b7a90000 - 0x00007ff8b7ab6000 	C:\WINDOWS\System32\win32u.dll
0x00007ff8968e0000 - 0x00007ff896b73000 	C:\WINDOWS\WinSxS\amd64_microsoft.windows.common-controls_6595b64144ccf1df_6.0.22621.3672_none_2713b9d173822955\COMCTL32.dll
0x00007ff8b8470000 - 0x00007ff8b8499000 	C:\WINDOWS\System32\GDI32.dll
0x00007ff8b8210000 - 0x00007ff8b8329000 	C:\WINDOWS\System32\gdi32full.dll
0x00007ff8b7d00000 - 0x00007ff8b7d9a000 	C:\WINDOWS\System32\msvcp_win.dll
0x00007ff8aec10000 - 0x00007ff8aec1a000 	C:\WINDOWS\SYSTEM32\VERSION.dll
0x00007ff8b8330000 - 0x00007ff8b8361000 	C:\WINDOWS\System32\IMM32.DLL
0x00007ff8a79e0000 - 0x00007ff8a79ec000 	C:\Program Files\Java\jdk-17\bin\vcruntime140_1.dll
0x00007ff8997b0000 - 0x00007ff89983e000 	C:\Program Files\Java\jdk-17\bin\msvcp140.dll
0x00007ff85e750000 - 0x00007ff85f32d000 	C:\Program Files\Java\jdk-17\bin\server\jvm.dll
0x00007ff8b9a30000 - 0x00007ff8b9a38000 	C:\WINDOWS\System32\PSAPI.DLL
0x00007ff8b2390000 - 0x00007ff8b23c4000 	C:\WINDOWS\SYSTEM32\WINMM.dll
0x00007ff885510000 - 0x00007ff885519000 	C:\WINDOWS\SYSTEM32\WSOCK32.dll
0x00007ff8b9c00000 - 0x00007ff8b9c71000 	C:\WINDOWS\System32\WS2_32.dll
0x00007ff8b6950000 - 0x00007ff8b6968000 	C:\WINDOWS\SYSTEM32\kernel.appcore.dll
0x00007ff8a16b0000 - 0x00007ff8a16ba000 	C:\Program Files\Java\jdk-17\bin\jimage.dll
0x00007ff8b5180000 - 0x00007ff8b53b2000 	C:\WINDOWS\SYSTEM32\DBGHELP.DLL
0x00007ff8b9450000 - 0x00007ff8b97d8000 	C:\WINDOWS\System32\combase.dll
0x00007ff8b9840000 - 0x00007ff8b9917000 	C:\WINDOWS\System32\OLEAUT32.dll
0x00007ff8b2260000 - 0x00007ff8b2292000 	C:\WINDOWS\SYSTEM32\dbgcore.DLL
0x00007ff8b7c50000 - 0x00007ff8b7ccb000 	C:\WINDOWS\System32\bcryptPrimitives.dll
0x00007ff8a83f0000 - 0x00007ff8a83fe000 	C:\Program Files\Java\jdk-17\bin\instrument.dll
0x00007ff89bc50000 - 0x00007ff89bc75000 	C:\Program Files\Java\jdk-17\bin\java.dll

dbghelp: loaded successfully - version: 4.0.5 - missing functions: none
symbol engine: initialized successfully - sym options: 0x614 - pdb path: .;C:\Program Files\Java\jdk-17\bin;C:\WINDOWS\SYSTEM32;C:\WINDOWS\WinSxS\amd64_microsoft.windows.common-controls_6595b64144ccf1df_6.0.22621.3672_none_2713b9d173822955;C:\Program Files\Java\jdk-17\bin\server

VM Arguments:
jvm_args: -XX:TieredStopAtLevel=1 -Dspring.output.ansi.enabled=always -Dcom.sun.management.jmxremote -Dspring.jmx.enabled=true -Dspring.liveBeansView.mbeanDomain -Dspring.application.admin.enabled=true -Dmanagement.endpoints.jmx.exposure.include=* -javaagent:C:\Program Files\JetBrains\IntelliJ IDEA 2024.1.3\lib\idea_rt.jar=54913:C:\Program Files\JetBrains\IntelliJ IDEA 2024.1.3\bin -Dfile.encoding=UTF-8 
java_command: com.library.librarymanagment.LibraryManagmentApplication
java_class_path (initial): C:\Users\sumu1\IdeaProjects\LibraryManagment\target\classes;C:\Users\sumu1\.m2\repository\org\springframework\boot\spring-boot-starter-data-jpa\3.3.0\spring-boot-starter-data-jpa-3.3.0.jar;C:\Users\sumu1\.m2\repository\org\springframework\boot\spring-boot-starter-aop\3.3.0\spring-boot-starter-aop-3.3.0.jar;C:\Users\sumu1\.m2\repository\org\springframework\spring-aop\6.1.8\spring-aop-6.1.8.jar;C:\Users\sumu1\.m2\repository\org\aspectj\aspectjweaver\1.9.22\aspectjweaver-1.9.22.jar;C:\Users\sumu1\.m2\repository\org\springframework\boot\spring-boot-starter-jdbc\3.3.0\spring-boot-starter-jdbc-3.3.0.jar;C:\Users\sumu1\.m2\repository\com\zaxxer\HikariCP\5.1.0\HikariCP-5.1.0.jar;C:\Users\sumu1\.m2\repository\org\springframework\spring-jdbc\6.1.8\spring-jdbc-6.1.8.jar;C:\Users\sumu1\.m2\repository\org\hibernate\orm\hibernate-core\6.5.2.Final\hibernate-core-6.5.2.Final.jar;C:\Users\sumu1\.m2\repository\jakarta\persistence\jakarta.persistence-api\3.1.0\jakarta.persistence-api-3.1.0.jar;C:\Users\sumu1\.m2\repository\jakarta\transaction\jakarta.transaction-api\2.0.1\jakarta.transaction-api-2.0.1.jar;C:\Users\sumu1\.m2\repository\org\jboss\logging\jboss-logging\3.5.3.Final\jboss-logging-3.5.3.Final.jar;C:\Users\sumu1\.m2\repository\org\hibernate\common\hibernate-commons-annotations\6.0.6.Final\hibernate-commons-annotations-6.0.6.Final.jar;C:\Users\sumu1\.m2\repository\io\smallrye\jandex\3.1.2\jandex-3.1.2.jar;C:\Users\sumu1\.m2\repository\com\fasterxml\classmate\1.7.0\classmate-1.7.0.jar;C:\Users\sumu1\.m2\repository\net\bytebuddy\byte-buddy\1.14.16\byte-buddy-1.14.16.jar;C:\Users\sumu1\.m2\repository\org\glassfish\jaxb\jaxb-runtime\4.0.5\jaxb-runtime-4.0.5.jar;C:\Users\sumu1\.m2\repository\org\glassfish\jaxb\jaxb-core\4.0.5\jaxb-core-4.0.5.jar;C:\Users\sumu1\.m2\repository\org\eclipse\angus\angus-activation\2.0.2\angus-activation-2.0.2.jar;C:\Users\sumu1\.m2\repository\org\glassfish\jaxb\txw2\4.0.5\txw2-4.0.5.jar;C:\Users\sumu1\.m2\repository\com\sun
Launcher Type: SUN_STANDARD

[Global flags]
     intx CICompilerCount                          = 4                                         {product} {ergonomic}
     uint ConcGCThreads                            = 2                                         {product} {ergonomic}
     uint G1ConcRefinementThreads                  = 8                                         {product} {ergonomic}
   size_t G1HeapRegionSize                         = 1048576                                   {product} {ergonomic}
    uintx GCDrainStackTargetSize                   = 64                                        {product} {ergonomic}
   size_t InitialHeapSize                          = 132120576                                 {product} {ergonomic}
     bool ManagementServer                         = true                                      {product} {command line}
   size_t MarkStackSize                            = 4194304                                   {product} {ergonomic}
   size_t MaxHeapSize                              = 2090860544                                {product} {ergonomic}
   size_t MinHeapDeltaBytes                        = 1048576                                   {product} {ergonomic}
   size_t MinHeapSize                              = 8388608                                   {product} {ergonomic}
    uintx NonProfiledCodeHeapSize                  = 0                                      {pd product} {ergonomic}
     bool ProfileInterpreter                       = false                                  {pd product} {command line}
    uintx ProfiledCodeHeapSize                     = 0                                      {pd product} {ergonomic}
   size_t SoftMaxHeapSize                          = 2090860544                             {manageable} {ergonomic}
     intx TieredStopAtLevel                        = 1                                         {product} {command line}
     bool UseCompressedClassPointers               = true                           {product lp64_product} {ergonomic}
     bool UseCompressedOops                        = true                           {product lp64_product} {ergonomic}
     bool UseG1GC                                  = true                                      {product} {ergonomic}
     bool UseLargePagesIndividualAllocation        = false                                  {pd product} {ergonomic}

Logging:
Log output configuration:
 #0: stdout all=warning uptime,level,tags
 #1: stderr all=off uptime,level,tags

Environment Variables:
PATH=C:\Program Files\Python312\Scripts\;C:\Program Files\Python312\;C:\Program Files\Common Files\Oracle\Java\javapath;C:\WINDOWS\system32;C:\WINDOWS;C:\WINDOWS\System32\Wbem;C:\WINDOWS\System32\WindowsPowerShell\v1.0\;C:\WINDOWS\System32\OpenSSH\;C:\Program Files (x86)\Microsoft SQL Server\160\Tools\Binn\;C:\Program Files\Microsoft SQL Server\160\Tools\Binn\;C:\Program Files\Microsoft SQL Server\Client SDK\ODBC\170\Tools\Binn\;C:\Program Files\Microsoft SQL Server\160\DTS\Binn\;C:\Program Files (x86)\Microsoft SQL Server\160\DTS\Binn\;C:\Program Files\Git\cmd;C:\Program Files\nodejs\;C:\Users\sumu1\AppData\Local\Microsoft\WindowsApps;C:\Users\sumu1\AppData\Local\Programs\Microsoft VS Code\bin;C:\Users\sumu1\AppData\Roaming\npm;;C:\Program Files\JetBrains\IntelliJ IDEA 2024.1.3\bin;
USERNAME=sumu1
OS=Windows_NT
PROCESSOR_IDENTIFIER=Intel64 Family 6 Model 140 Stepping 1, GenuineIntel



---------------  S Y S T E M  ---------------

OS:
 Windows 11 , 64 bit Build 22621 (10.0.22621.3672)
OS uptime: 0 days 7:31 hours

CPU: total 8 (initial active 8) (4 cores per cpu, 2 threads per core) family 6 model 140 stepping 1 microcode 0x8a, cx8, cmov, fxsr, ht, mmx, 3dnowpref, sse, sse2, sse3, ssse3, sse4.1, sse4.2, popcnt, lzcnt, tsc, tscinvbit, avx, avx2, aes, erms, clmul, bmi1, bmi2, adx, avx512f, avx512dq, avx512cd, avx512bw, avx512vl, sha, fma, vzeroupper, avx512_vpopcntdq, avx512_vpclmulqdq, avx512_vaes, avx512_vnni, clflush, clflushopt, clwb, avx512_vbmi2, avx512_vbmi

Memory: 4k page, system-wide physical 7975M (447M free)
TotalPageFile size 20489M (AvailPageFile size 5M)
current process WorkingSet (physical memory assigned to process): 11M, peak: 11M
current process commit charge ("private bytes"): 183M, peak: 185M

vm_info: Java HotSpot(TM) 64-Bit Server VM (17.0.7+8-LTS-224) for windows-amd64 JRE (17.0.7+8-LTS-224), built on Feb 28 2023 23:03:02 by "mach5one" with MS VC++ 17.1 (VS2022)

END.
